table [product]: invalid record: column [xata_id]: type mismatch: expected string. Record: {"barcode":null,"expiresat":"2025-04-15T00:00:00.000Z","name":"7-Eleven Hotdog","quantity":51,"xata_id":1001}
table [product]: invalid record: column [xata_id]: type mismatch: expected string. Record: {"barcode":null,"expiresat":"2025-05-30T00:00:00.000Z","name":"Big Gulp (Cola)","quantity":58,"xata_id":1002}
table [product]: invalid record: column [xata_id]: type mismatch: expected string. Record: {"barcode":null,"expiresat":"2025-06-10T00:00:00.000Z","name":"Slurpee (Blue Raspberry)","quantity":80,"xata_id":1003}
table [product]: invalid record: column [xata_id]: type mismatch: expected string. Record: {"barcode":null,"expiresat":"2025-04-25T00:00:00.000Z","name":"7-Eleven Spicy Chicken","quantity":66,"xata_id":1004}
table [product]: invalid record: column [xata_id]: type mismatch: expected string. Record: {"barcode":null,"expiresat":"2025-04-05T00:00:00.000Z","name":"7-Eleven Tuna Onigiri","quantity":86,"xata_id":1005}
table [product]: invalid record: column [xata_id]: type mismatch: expected string. Record: {"barcode":null,"expiresat":"2025-04-07T00:00:00.000Z","name":"7-Eleven Egg Salad Sandwich","quantity":100,"xata_id":1006}
table [product]: invalid record: column [xata_id]: type mismatch: expected string. Record: {"barcode":null,"expiresat":"2025-04-20T00:00:00.000Z","name":"7-Eleven Ham & Cheese Sub","quantity":14,"xata_id":1007}
table [product]: invalid record: column [xata_id]: type mismatch: expected string. Record: {"barcode":null,"expiresat":"2025-07-15T00:00:00.000Z","name":"Doritos Nacho Cheese","quantity":48,"xata_id":1008}
table [product]: invalid record: column [xata_id]: type mismatch: expected string. Record: {"barcode":null,"expiresat":"2025-06-01T00:00:00.000Z","name":"Lay’s Classic Chips","quantity":29,"xata_id":1009}
table [product]: invalid record: column [xata_id]: type mismatch: expected string. Record: {"barcode":null,"expiresat":"2025-04-10T00:00:00.000Z","name":"7-Eleven Chocolate Muffin","quantity":89,"xata_id":1010}
table [product]: invalid record: column [xata_id]: type mismatch: expected string. Record: {"barcode":null,"expiresat":"2025-06-30T00:00:00.000Z","name":"7-Eleven Coffee (Large)","quantity":30,"xata_id":1011}
table [product]: invalid record: column [xata_id]: type mismatch: expected string. Record: {"barcode":null,"expiresat":"2025-08-10T00:00:00.000Z","name":"Red Bull Energy Drink","quantity":90,"xata_id":1012}
table [product]: invalid record: column [xata_id]: type mismatch: expected string. Record: {"barcode":null,"expiresat":"2025-08-01T00:00:00.000Z","name":"Monster Energy Drink","quantity":22,"xata_id":1013}
table [product]: invalid record: column [xata_id]: type mismatch: expected string. Record: {"barcode":null,"expiresat":"2025-04-06T00:00:00.000Z","name":"7-Eleven Yogurt Parfait","quantity":93,"xata_id":1014}
table [product]: invalid record: column [xata_id]: type mismatch: expected string. Record: {"barcode":null,"expiresat":"2025-04-18T00:00:00.000Z","name":"7-Eleven Pepperoni Pizza","quantity":32,"xata_id":1015}
table [product]: invalid record: column [xata_id]: type mismatch: expected string. Record: {"barcode":null,"expiresat":"2025-04-05T00:00:00.000Z","name":"7-Eleven Caesar Salad","quantity":30,"xata_id":1016}
table [product]: invalid record: column [xata_id]: type mismatch: expected string. Record: {"barcode":null,"expiresat":"2025-10-01T00:00:00.000Z","name":"Hershey's Milk Chocolate","quantity":27,"xata_id":1017}
table [product]: invalid record: column [xata_id]: type mismatch: expected string. Record: {"barcode":null,"expiresat":"2025-04-14T00:00:00.000Z","name":"7-Eleven Apple Pie","quantity":74,"xata_id":1018}
table [product]: invalid record: column [xata_id]: type mismatch: expected string. Record: {"barcode":null,"expiresat":"2025-09-20T00:00:00.000Z","name":"Gatorade Lemon-Lime","quantity":93,"xata_id":1019}
table [product]: invalid record: column [xata_id]: type mismatch: expected string. Record: {"barcode":null,"expiresat":"2025-04-15T00:00:00.000Z","name":"7-Eleven Fried Chicken","quantity":41,"xata_id":1020}
table [product]: invalid record: column [xata_id]: type mismatch: expected string. Record: {"barcode":null,"expiresat":"2025-06-05T00:00:00.000Z","name":"7-Eleven Iced Latte","quantity":11,"xata_id":1021}
table [product]: invalid record: column [xata_id]: type mismatch: expected string. Record: {"barcode":null,"expiresat":"2025-10-10T00:00:00.000Z","name":"Snickers Chocolate Bar","quantity":63,"xata_id":1022}
table [product]: invalid record: column [xata_id]: type mismatch: expected string. Record: {"barcode":null,"expiresat":"2025-04-08T00:00:00.000Z","name":"7-Eleven Vanilla Pudding","quantity":32,"xata_id":1023}
table [product]: invalid record: column [xata_id]: type mismatch: expected string. Record: {"barcode":null,"expiresat":"2025-07-10T00:00:00.000Z","name":"Cheetos Flamin’ Hot","quantity":42,"xata_id":1024}
table [product]: invalid record: column [xata_id]: type mismatch: expected string. Record: {"barcode":null,"expiresat":"2025-04-12T00:00:00.000Z","name":"7-Eleven Choco Brownie","quantity":21,"xata_id":1025}
table [product]: invalid record: column [xata_id]: type mismatch: expected string. Record: {"barcode":null,"expiresat":"2025-04-04T00:00:00.000Z","name":"7-Eleven Club Sandwich","quantity":48,"xata_id":1026}
table [product]: invalid record: column [xata_id]: type mismatch: expected string. Record: {"barcode":null,"expiresat":"2025-09-15T00:00:00.000Z","name":"Pepsi (500ml)","quantity":30,"xata_id":1027}
table [product]: invalid record: column [xata_id]: type mismatch: expected string. Record: {"barcode":null,"expiresat":"2025-04-10T00:00:00.000Z","name":"7-Eleven Sushi Roll","quantity":69,"xata_id":1028}
table [product]: invalid record: column [xata_id]: type mismatch: expected string. Record: {"barcode":null,"expiresat":"2025-04-09T00:00:00.000Z","name":"7-Eleven BBQ Chicken Wrap","quantity":60,"xata_id":1029}
table [product]: invalid record: column [xata_id]: type mismatch: expected string. Record: {"barcode":null,"expiresat":"2025-04-07T00:00:00.000Z","name":"7-Eleven Fresh Orange Juice","quantity":89,"xata_id":1030}